{"/home/user/Desktop/Food_App/React_Practice/src/components/Contact.js": {"path":"/home/user/Desktop/Food_App/React_Practice/src/components/Contact.js","statementMap":{"0":{"start":{"line":1,"column":16},"end":{"line":28,"column":1}},"1":{"start":{"line":2,"column":2},"end":{"line":27,"column":4}}},"fnMap":{"0":{"name":"(anonymous_0)","decl":{"start":{"line":1,"column":16},"end":{"line":1,"column":17}},"loc":{"start":{"line":1,"column":22},"end":{"line":28,"column":1}},"line":1}},"branchMap":{},"s":{"0":1,"1":5},"f":{"0":5},"b":{},"_coverageSchema":"1a1c01bbd47fc00a2c39e90264f33305004495a9","hash":"a2ce7c074736ca35fb44eccd78dd2f4be192927f"}
,"/home/user/Desktop/Food_App/React_Practice/src/components/Header.js": {"path":"/home/user/Desktop/Food_App/React_Practice/src/components/Header.js","statementMap":{"0":{"start":{"line":8,"column":15},"end":{"line":63,"column":1}},"1":{"start":{"line":9,"column":32},"end":{"line":9,"column":49}},"2":{"start":{"line":11,"column":23},"end":{"line":11,"column":51}},"3":{"start":{"line":13,"column":27},"end":{"line":13,"column":50}},"4":{"start":{"line":15,"column":20},"end":{"line":15,"column":60}},"5":{"start":{"line":15,"column":43},"end":{"line":15,"column":59}},"6":{"start":{"line":18,"column":2},"end":{"line":62,"column":4}},"7":{"start":{"line":48,"column":16},"end":{"line":50,"column":40}}},"fnMap":{"0":{"name":"(anonymous_0)","decl":{"start":{"line":8,"column":15},"end":{"line":8,"column":16}},"loc":{"start":{"line":8,"column":21},"end":{"line":63,"column":1}},"line":8},"1":{"name":"(anonymous_1)","decl":{"start":{"line":15,"column":32},"end":{"line":15,"column":33}},"loc":{"start":{"line":15,"column":43},"end":{"line":15,"column":59}},"line":15},"2":{"name":"(anonymous_2)","decl":{"start":{"line":47,"column":23},"end":{"line":47,"column":24}},"loc":{"start":{"line":47,"column":29},"end":{"line":51,"column":15}},"line":47}},"branchMap":{"0":{"loc":{"start":{"line":26,"column":27},"end":{"line":26,"column":54}},"type":"cond-expr","locations":[{"start":{"line":26,"column":42},"end":{"line":26,"column":46}},{"start":{"line":26,"column":49},"end":{"line":26,"column":54}}],"line":26},"1":{"loc":{"start":{"line":48,"column":16},"end":{"line":50,"column":39}},"type":"cond-expr","locations":[{"start":{"line":49,"column":20},"end":{"line":49,"column":40}},{"start":{"line":50,"column":20},"end":{"line":50,"column":39}}],"line":48}},"s":{"0":1,"1":5,"2":5,"3":5,"4":5,"5":9,"6":5,"7":1},"f":{"0":5,"1":9,"2":1},"b":{"0":[5,0],"1":[1,0]},"_coverageSchema":"1a1c01bbd47fc00a2c39e90264f33305004495a9","hash":"d731871c1d6696a921d843157007a9c95a476111"}
,"/home/user/Desktop/Food_App/React_Practice/src/components/sum.js": {"path":"/home/user/Desktop/Food_App/React_Practice/src/components/sum.js","statementMap":{"0":{"start":{"line":3,"column":19},"end":{"line":5,"column":1}},"1":{"start":{"line":4,"column":4},"end":{"line":4,"column":17}}},"fnMap":{"0":{"name":"(anonymous_0)","decl":{"start":{"line":3,"column":19},"end":{"line":3,"column":20}},"loc":{"start":{"line":3,"column":28},"end":{"line":5,"column":1}},"line":3}},"branchMap":{},"s":{"0":1,"1":1},"f":{"0":1},"b":{},"_coverageSchema":"1a1c01bbd47fc00a2c39e90264f33305004495a9","hash":"fb56af40f155b0e3d181b906d477198fb916ac3b"}
,"/home/user/Desktop/Food_App/React_Practice/src/reduxStore/AppStore.js": {"path":"/home/user/Desktop/Food_App/React_Practice/src/reduxStore/AppStore.js","statementMap":{"0":{"start":{"line":5,"column":17},"end":{"line":9,"column":2}}},"fnMap":{},"branchMap":{},"s":{"0":1},"f":{},"b":{},"_coverageSchema":"1a1c01bbd47fc00a2c39e90264f33305004495a9","hash":"002da4574fc2374a6fb9cf0b0d74126e19127225"}
,"/home/user/Desktop/Food_App/React_Practice/src/reduxStore/cartSlice.js": {"path":"/home/user/Desktop/Food_App/React_Practice/src/reduxStore/cartSlice.js","statementMap":{"0":{"start":{"line":4,"column":19},"end":{"line":20,"column":2}},"1":{"start":{"line":11,"column":11},"end":{"line":11,"column":44}},"2":{"start":{"line":14,"column":12},"end":{"line":14,"column":30}},"3":{"start":{"line":17,"column":11},"end":{"line":17,"column":34}},"4":{"start":{"line":22,"column":49},"end":{"line":22,"column":66}}},"fnMap":{"0":{"name":"(anonymous_0)","decl":{"start":{"line":10,"column":18},"end":{"line":10,"column":19}},"loc":{"start":{"line":10,"column":36},"end":{"line":12,"column":9}},"line":10},"1":{"name":"(anonymous_1)","decl":{"start":{"line":13,"column":21},"end":{"line":13,"column":22}},"loc":{"start":{"line":13,"column":39},"end":{"line":15,"column":9}},"line":13},"2":{"name":"(anonymous_2)","decl":{"start":{"line":16,"column":20},"end":{"line":16,"column":21}},"loc":{"start":{"line":16,"column":31},"end":{"line":18,"column":9}},"line":16}},"branchMap":{},"s":{"0":1,"1":0,"2":0,"3":0,"4":1},"f":{"0":0,"1":0,"2":0},"b":{},"_coverageSchema":"1a1c01bbd47fc00a2c39e90264f33305004495a9","hash":"ddc7a775e99282fcd736efd5ca8d36a37954460a"}
,"/home/user/Desktop/Food_App/React_Practice/src/utils/UserContext.js": {"path":"/home/user/Desktop/Food_App/React_Practice/src/utils/UserContext.js","statementMap":{"0":{"start":{"line":3,"column":21},"end":{"line":5,"column":2}}},"fnMap":{},"branchMap":{},"s":{"0":1},"f":{},"b":{},"_coverageSchema":"1a1c01bbd47fc00a2c39e90264f33305004495a9","hash":"0b7a748a949c8f66d042bf9d0542c0d82ece5541"}
,"/home/user/Desktop/Food_App/React_Practice/src/utils/constants.js": {"path":"/home/user/Desktop/Food_App/React_Practice/src/utils/constants.js","statementMap":{"0":{"start":{"line":1,"column":24},"end":{"line":1,"column":214}},"1":{"start":{"line":2,"column":23},"end":{"line":2,"column":119}},"2":{"start":{"line":3,"column":23},"end":{"line":3,"column":168}},"3":{"start":{"line":4,"column":24},"end":{"line":4,"column":154}}},"fnMap":{},"branchMap":{},"s":{"0":1,"1":1,"2":1,"3":1},"f":{},"b":{},"_coverageSchema":"1a1c01bbd47fc00a2c39e90264f33305004495a9","hash":"7c4819b9639a86e6d35123689bcbd8ace4763716"}
,"/home/user/Desktop/Food_App/React_Practice/src/utils/useOnlineStatus.js": {"path":"/home/user/Desktop/Food_App/React_Practice/src/utils/useOnlineStatus.js","statementMap":{"0":{"start":{"line":3,"column":24},"end":{"line":17,"column":1}},"1":{"start":{"line":4,"column":42},"end":{"line":4,"column":56}},"2":{"start":{"line":6,"column":2},"end":{"line":14,"column":9}},"3":{"start":{"line":7,"column":4},"end":{"line":9,"column":7}},"4":{"start":{"line":8,"column":6},"end":{"line":8,"column":29}},"5":{"start":{"line":11,"column":4},"end":{"line":13,"column":7}},"6":{"start":{"line":12,"column":6},"end":{"line":12,"column":28}},"7":{"start":{"line":16,"column":2},"end":{"line":16,"column":22}}},"fnMap":{"0":{"name":"(anonymous_0)","decl":{"start":{"line":3,"column":24},"end":{"line":3,"column":25}},"loc":{"start":{"line":3,"column":30},"end":{"line":17,"column":1}},"line":3},"1":{"name":"(anonymous_1)","decl":{"start":{"line":6,"column":12},"end":{"line":6,"column":13}},"loc":{"start":{"line":6,"column":18},"end":{"line":14,"column":3}},"line":6},"2":{"name":"(anonymous_2)","decl":{"start":{"line":7,"column":39},"end":{"line":7,"column":40}},"loc":{"start":{"line":7,"column":45},"end":{"line":9,"column":5}},"line":7},"3":{"name":"(anonymous_3)","decl":{"start":{"line":11,"column":38},"end":{"line":11,"column":39}},"loc":{"start":{"line":11,"column":44},"end":{"line":13,"column":5}},"line":11}},"branchMap":{},"s":{"0":1,"1":5,"2":5,"3":4,"4":0,"5":4,"6":0,"7":5},"f":{"0":5,"1":4,"2":0,"3":0},"b":{},"_coverageSchema":"1a1c01bbd47fc00a2c39e90264f33305004495a9","hash":"72c725b4026382856fe82ccbb57b9b04168c7a46"}
}
